<?xml version="1.0" encoding="UTF-8"?>
<!-- Generated by org.testng.reporters.JUnitReportReporter -->
<testsuite hostname="LAPTOP-O2EDIB3G" failures="0" tests="1" name="TestCase01_GET" time="4.192" errors="0" timestamp="2023-08-30T11:02:57 AEST" skipped="0">
  <testcase classname="TestCase01_GET" name="Test03_Post" time="4.192"/>
</testsuite> <!-- TestCase01_GET -->
